0 info it worked if it ends with ok
1 verbose cli [ 'node', '/usr/bin/npm', 'install' ]
2 info using npm@2.6.0
3 info using node@v0.10.36
4 verbose node symlink /usr/bin/node
5 warn package.json StayNTouch@0.1.0 No README data
6 verbose install where, deps [ '/home/rahul/Desktop/snt/stayntouchpms/app/assets',
6 verbose install   [ 'grunt',
6 verbose install     'grunt-angular-templates',
6 verbose install     'grunt-bower-task',
6 verbose install     'grunt-contrib-clean',
6 verbose install     'grunt-contrib-concat',
6 verbose install     'grunt-contrib-jshint',
6 verbose install     'grunt-contrib-watch',
6 verbose install     'grunt-shell-spawn',
6 verbose install     'jshint-html-reporter',
6 verbose install     'matchdep' ] ]
7 verbose install where, peers [ '/home/rahul/Desktop/snt/stayntouchpms/app/assets', [] ]
8 info preinstall StayNTouch@0.1.0
9 silly cache add args [ 'grunt@~0.4.5', null ]
10 verbose cache add spec grunt@~0.4.5
11 silly cache add args [ 'grunt-angular-templates@~0.5.5', null ]
12 verbose cache add spec grunt-angular-templates@~0.5.5
13 silly cache add parsed spec { raw: 'grunt@~0.4.5',
13 silly cache add   scope: null,
13 silly cache add   name: 'grunt',
13 silly cache add   rawSpec: '~0.4.5',
13 silly cache add   spec: '>=0.4.5 <0.5.0',
13 silly cache add   type: 'range' }
14 verbose addNamed grunt@>=0.4.5 <0.5.0
15 silly addNamed semver.valid null
16 silly addNamed semver.validRange >=0.4.5 <0.5.0
17 silly addNameRange { name: 'grunt', range: '>=0.4.5 <0.5.0', hasData: false }
18 silly mapToRegistry name grunt
19 silly mapToRegistry using default registry
20 silly mapToRegistry registry https://registry.npmjs.org/
21 silly mapToRegistry uri https://registry.npmjs.org/grunt
22 verbose addNameRange registry:https://registry.npmjs.org/grunt not in flight; fetching
23 silly cache add parsed spec { raw: 'grunt-angular-templates@~0.5.5',
23 silly cache add   scope: null,
23 silly cache add   name: 'grunt-angular-templates',
23 silly cache add   rawSpec: '~0.5.5',
23 silly cache add   spec: '>=0.5.5 <0.6.0',
23 silly cache add   type: 'range' }
24 verbose addNamed grunt-angular-templates@>=0.5.5 <0.6.0
25 silly addNamed semver.valid null
26 silly addNamed semver.validRange >=0.5.5 <0.6.0
27 silly addNameRange { name: 'grunt-angular-templates',
27 silly addNameRange   range: '>=0.5.5 <0.6.0',
27 silly addNameRange   hasData: false }
28 silly mapToRegistry name grunt-angular-templates
29 silly mapToRegistry using default registry
30 silly mapToRegistry registry https://registry.npmjs.org/
31 silly mapToRegistry uri https://registry.npmjs.org/grunt-angular-templates
32 verbose addNameRange registry:https://registry.npmjs.org/grunt-angular-templates not in flight; fetching
33 silly cache add args [ 'grunt-bower-task@~0.3.4', null ]
34 verbose cache add spec grunt-bower-task@~0.3.4
35 silly cache add parsed spec { raw: 'grunt-bower-task@~0.3.4',
35 silly cache add   scope: null,
35 silly cache add   name: 'grunt-bower-task',
35 silly cache add   rawSpec: '~0.3.4',
35 silly cache add   spec: '>=0.3.4 <0.4.0',
35 silly cache add   type: 'range' }
36 verbose addNamed grunt-bower-task@>=0.3.4 <0.4.0
37 silly addNamed semver.valid null
38 silly addNamed semver.validRange >=0.3.4 <0.4.0
39 silly addNameRange { name: 'grunt-bower-task',
39 silly addNameRange   range: '>=0.3.4 <0.4.0',
39 silly addNameRange   hasData: false }
40 silly mapToRegistry name grunt-bower-task
41 silly mapToRegistry using default registry
42 silly mapToRegistry registry https://registry.npmjs.org/
43 silly mapToRegistry uri https://registry.npmjs.org/grunt-bower-task
44 verbose addNameRange registry:https://registry.npmjs.org/grunt-bower-task not in flight; fetching
45 silly cache add args [ 'grunt-contrib-clean@~0.5.0', null ]
46 verbose cache add spec grunt-contrib-clean@~0.5.0
47 silly cache add parsed spec { raw: 'grunt-contrib-clean@~0.5.0',
47 silly cache add   scope: null,
47 silly cache add   name: 'grunt-contrib-clean',
47 silly cache add   rawSpec: '~0.5.0',
47 silly cache add   spec: '>=0.5.0 <0.6.0',
47 silly cache add   type: 'range' }
48 verbose addNamed grunt-contrib-clean@>=0.5.0 <0.6.0
49 silly addNamed semver.valid null
50 silly addNamed semver.validRange >=0.5.0 <0.6.0
51 silly addNameRange { name: 'grunt-contrib-clean',
51 silly addNameRange   range: '>=0.5.0 <0.6.0',
51 silly addNameRange   hasData: false }
52 silly mapToRegistry name grunt-contrib-clean
53 silly mapToRegistry using default registry
54 silly mapToRegistry registry https://registry.npmjs.org/
55 silly mapToRegistry uri https://registry.npmjs.org/grunt-contrib-clean
56 verbose addNameRange registry:https://registry.npmjs.org/grunt-contrib-clean not in flight; fetching
57 silly cache add args [ 'grunt-contrib-concat@~0.4.0', null ]
58 verbose cache add spec grunt-contrib-concat@~0.4.0
59 silly cache add parsed spec { raw: 'grunt-contrib-concat@~0.4.0',
59 silly cache add   scope: null,
59 silly cache add   name: 'grunt-contrib-concat',
59 silly cache add   rawSpec: '~0.4.0',
59 silly cache add   spec: '>=0.4.0 <0.5.0',
59 silly cache add   type: 'range' }
60 verbose addNamed grunt-contrib-concat@>=0.4.0 <0.5.0
61 silly addNamed semver.valid null
62 silly addNamed semver.validRange >=0.4.0 <0.5.0
63 silly addNameRange { name: 'grunt-contrib-concat',
63 silly addNameRange   range: '>=0.4.0 <0.5.0',
63 silly addNameRange   hasData: false }
64 silly mapToRegistry name grunt-contrib-concat
65 silly mapToRegistry using default registry
66 silly mapToRegistry registry https://registry.npmjs.org/
67 silly mapToRegistry uri https://registry.npmjs.org/grunt-contrib-concat
68 verbose addNameRange registry:https://registry.npmjs.org/grunt-contrib-concat not in flight; fetching
69 silly cache add args [ 'grunt-contrib-jshint@~0.10.0', null ]
70 verbose cache add spec grunt-contrib-jshint@~0.10.0
71 silly cache add parsed spec { raw: 'grunt-contrib-jshint@~0.10.0',
71 silly cache add   scope: null,
71 silly cache add   name: 'grunt-contrib-jshint',
71 silly cache add   rawSpec: '~0.10.0',
71 silly cache add   spec: '>=0.10.0 <0.11.0',
71 silly cache add   type: 'range' }
72 verbose addNamed grunt-contrib-jshint@>=0.10.0 <0.11.0
73 silly addNamed semver.valid null
74 silly addNamed semver.validRange >=0.10.0 <0.11.0
75 silly addNameRange { name: 'grunt-contrib-jshint',
75 silly addNameRange   range: '>=0.10.0 <0.11.0',
75 silly addNameRange   hasData: false }
76 silly mapToRegistry name grunt-contrib-jshint
77 silly mapToRegistry using default registry
78 silly mapToRegistry registry https://registry.npmjs.org/
79 silly mapToRegistry uri https://registry.npmjs.org/grunt-contrib-jshint
80 verbose addNameRange registry:https://registry.npmjs.org/grunt-contrib-jshint not in flight; fetching
81 silly cache add args [ 'grunt-contrib-watch@~0.6.1', null ]
82 verbose cache add spec grunt-contrib-watch@~0.6.1
83 silly cache add parsed spec { raw: 'grunt-contrib-watch@~0.6.1',
83 silly cache add   scope: null,
83 silly cache add   name: 'grunt-contrib-watch',
83 silly cache add   rawSpec: '~0.6.1',
83 silly cache add   spec: '>=0.6.1 <0.7.0',
83 silly cache add   type: 'range' }
84 verbose addNamed grunt-contrib-watch@>=0.6.1 <0.7.0
85 silly addNamed semver.valid null
86 silly addNamed semver.validRange >=0.6.1 <0.7.0
87 silly addNameRange { name: 'grunt-contrib-watch',
87 silly addNameRange   range: '>=0.6.1 <0.7.0',
87 silly addNameRange   hasData: false }
88 silly mapToRegistry name grunt-contrib-watch
89 silly mapToRegistry using default registry
90 silly mapToRegistry registry https://registry.npmjs.org/
91 silly mapToRegistry uri https://registry.npmjs.org/grunt-contrib-watch
92 verbose addNameRange registry:https://registry.npmjs.org/grunt-contrib-watch not in flight; fetching
93 silly cache add args [ 'grunt-shell-spawn@~0.3.0', null ]
94 verbose cache add spec grunt-shell-spawn@~0.3.0
95 silly cache add parsed spec { raw: 'grunt-shell-spawn@~0.3.0',
95 silly cache add   scope: null,
95 silly cache add   name: 'grunt-shell-spawn',
95 silly cache add   rawSpec: '~0.3.0',
95 silly cache add   spec: '>=0.3.0 <0.4.0',
95 silly cache add   type: 'range' }
96 verbose addNamed grunt-shell-spawn@>=0.3.0 <0.4.0
97 silly addNamed semver.valid null
98 silly addNamed semver.validRange >=0.3.0 <0.4.0
99 silly addNameRange { name: 'grunt-shell-spawn',
99 silly addNameRange   range: '>=0.3.0 <0.4.0',
99 silly addNameRange   hasData: false }
100 silly mapToRegistry name grunt-shell-spawn
101 silly mapToRegistry using default registry
102 silly mapToRegistry registry https://registry.npmjs.org/
103 silly mapToRegistry uri https://registry.npmjs.org/grunt-shell-spawn
104 verbose addNameRange registry:https://registry.npmjs.org/grunt-shell-spawn not in flight; fetching
105 silly cache add args [ 'jshint-html-reporter@~0.2.0', null ]
106 verbose cache add spec jshint-html-reporter@~0.2.0
107 silly cache add parsed spec { raw: 'jshint-html-reporter@~0.2.0',
107 silly cache add   scope: null,
107 silly cache add   name: 'jshint-html-reporter',
107 silly cache add   rawSpec: '~0.2.0',
107 silly cache add   spec: '>=0.2.0 <0.3.0',
107 silly cache add   type: 'range' }
108 verbose addNamed jshint-html-reporter@>=0.2.0 <0.3.0
109 silly addNamed semver.valid null
110 silly addNamed semver.validRange >=0.2.0 <0.3.0
111 silly addNameRange { name: 'jshint-html-reporter',
111 silly addNameRange   range: '>=0.2.0 <0.3.0',
111 silly addNameRange   hasData: false }
112 silly mapToRegistry name jshint-html-reporter
113 silly mapToRegistry using default registry
114 silly mapToRegistry registry https://registry.npmjs.org/
115 silly mapToRegistry uri https://registry.npmjs.org/jshint-html-reporter
116 verbose addNameRange registry:https://registry.npmjs.org/jshint-html-reporter not in flight; fetching
117 silly cache add args [ 'matchdep@~0.3.0', null ]
118 verbose cache add spec matchdep@~0.3.0
119 silly cache add parsed spec { raw: 'matchdep@~0.3.0',
119 silly cache add   scope: null,
119 silly cache add   name: 'matchdep',
119 silly cache add   rawSpec: '~0.3.0',
119 silly cache add   spec: '>=0.3.0 <0.4.0',
119 silly cache add   type: 'range' }
120 verbose addNamed matchdep@>=0.3.0 <0.4.0
121 silly addNamed semver.valid null
122 silly addNamed semver.validRange >=0.3.0 <0.4.0
123 silly addNameRange { name: 'matchdep', range: '>=0.3.0 <0.4.0', hasData: false }
124 silly mapToRegistry name matchdep
125 silly mapToRegistry using default registry
126 silly mapToRegistry registry https://registry.npmjs.org/
127 silly mapToRegistry uri https://registry.npmjs.org/matchdep
128 verbose addNameRange registry:https://registry.npmjs.org/matchdep not in flight; fetching
129 verbose request uri https://registry.npmjs.org/grunt-angular-templates
130 verbose request no auth needed
131 info attempt registry request try #1 at 12:26:18
132 verbose request id 3dad0a8386256958
133 http request GET https://registry.npmjs.org/grunt-angular-templates
134 verbose request uri https://registry.npmjs.org/grunt-bower-task
135 verbose request no auth needed
136 info attempt registry request try #1 at 12:26:18
137 http request GET https://registry.npmjs.org/grunt-bower-task
138 verbose request uri https://registry.npmjs.org/grunt-contrib-clean
139 verbose request no auth needed
140 info attempt registry request try #1 at 12:26:18
141 http request GET https://registry.npmjs.org/grunt-contrib-clean
142 verbose request uri https://registry.npmjs.org/grunt-contrib-concat
143 verbose request no auth needed
144 info attempt registry request try #1 at 12:26:18
145 http request GET https://registry.npmjs.org/grunt-contrib-concat
146 verbose request uri https://registry.npmjs.org/grunt-contrib-jshint
147 verbose request no auth needed
148 info attempt registry request try #1 at 12:26:18
149 http request GET https://registry.npmjs.org/grunt-contrib-jshint
150 verbose request uri https://registry.npmjs.org/grunt-contrib-watch
151 verbose request no auth needed
152 info attempt registry request try #1 at 12:26:18
153 http request GET https://registry.npmjs.org/grunt-contrib-watch
154 verbose request uri https://registry.npmjs.org/grunt-shell-spawn
155 verbose request no auth needed
156 info attempt registry request try #1 at 12:26:18
157 http request GET https://registry.npmjs.org/grunt-shell-spawn
158 verbose request uri https://registry.npmjs.org/jshint-html-reporter
159 verbose request no auth needed
160 info attempt registry request try #1 at 12:26:18
161 http request GET https://registry.npmjs.org/jshint-html-reporter
162 verbose request uri https://registry.npmjs.org/matchdep
163 verbose request no auth needed
164 info attempt registry request try #1 at 12:26:18
165 http request GET https://registry.npmjs.org/matchdep
166 verbose request uri https://registry.npmjs.org/grunt
167 verbose request no auth needed
168 info attempt registry request try #1 at 12:26:18
169 verbose etag "3PKQCA2SAYA1C6K6J25XH87V"
170 http request GET https://registry.npmjs.org/grunt
171 http 200 https://registry.npmjs.org/grunt-contrib-clean
172 silly get cb [ 200,
172 silly get   { date: 'Mon, 23 Feb 2015 06:56:18 GMT',
172 silly get     server: 'CouchDB/1.5.0 (Erlang OTP/R16B03)',
172 silly get     etag: '"3ISDSZB4M4MDDWP3Z8MFDIG96"',
172 silly get     'content-type': 'application/json',
172 silly get     'cache-control': 'max-age=60',
172 silly get     'content-length': '23589',
172 silly get     'accept-ranges': 'bytes',
172 silly get     via: '1.1 varnish',
172 silly get     age: '47',
172 silly get     'x-served-by': 'cache-sn86-SIN',
172 silly get     'x-cache': 'HIT',
172 silly get     'x-cache-hits': '4',
172 silly get     'x-timer': 'S1424674578.429725,VS0,VE0',
172 silly get     vary: 'Accept',
172 silly get     'keep-alive': 'timeout=10, max=50',
172 silly get     connection: 'Keep-Alive' } ]
173 verbose get saving grunt-contrib-clean to /home/rahul/.npm/registry.npmjs.org/grunt-contrib-clean/.cache.json
174 silly addNameRange number 2 { name: 'grunt-contrib-clean',
174 silly addNameRange   range: '>=0.5.0 <0.6.0',
174 silly addNameRange   hasData: true }
175 silly addNameRange versions [ 'grunt-contrib-clean',
175 silly addNameRange   [ '0.1.0',
175 silly addNameRange     '0.2.0',
175 silly addNameRange     '0.3.0',
175 silly addNameRange     '0.3.1',
175 silly addNameRange     '0.3.2',
175 silly addNameRange     '0.4.0',
175 silly addNameRange     '0.4.1',
175 silly addNameRange     '0.5.0',
175 silly addNameRange     '0.6.0',
175 silly addNameRange     '0.4.0-a',
175 silly addNameRange     '0.4.0-rc5',
175 silly addNameRange     '0.4.0-rc6' ] ]
176 verbose addNamed grunt-contrib-clean@0.5.0
177 silly addNamed semver.valid 0.5.0
178 silly addNamed semver.validRange 0.5.0
179 silly mapToRegistry name grunt-contrib-clean
180 silly mapToRegistry using default registry
181 silly mapToRegistry registry https://registry.npmjs.org/
182 silly mapToRegistry uri https://registry.npmjs.org/grunt-contrib-clean
183 verbose addRemoteTarball https://registry.npmjs.org/grunt-contrib-clean/-/grunt-contrib-clean-0.5.0.tgz not in flight; adding
184 verbose addRemoteTarball [ 'https://registry.npmjs.org/grunt-contrib-clean/-/grunt-contrib-clean-0.5.0.tgz',
184 verbose addRemoteTarball   'f53dfdee0849b1c7b40e9ebbba69f48c4c6079c5' ]
185 info retry fetch attempt 1 at 12:26:18
186 info attempt registry request try #1 at 12:26:18
187 http fetch GET https://registry.npmjs.org/grunt-contrib-clean/-/grunt-contrib-clean-0.5.0.tgz
188 http 200 https://registry.npmjs.org/grunt-contrib-concat
189 silly get cb [ 200,
189 silly get   { date: 'Mon, 23 Feb 2015 06:56:18 GMT',
189 silly get     server: 'CouchDB/1.5.0 (Erlang OTP/R16B03)',
189 silly get     etag: '"8CB5CMA6PQVTJP831JMMC298B"',
189 silly get     'content-type': 'application/json',
189 silly get     'cache-control': 'max-age=60',
189 silly get     'content-length': '30933',
189 silly get     'accept-ranges': 'bytes',
189 silly get     via: '1.1 varnish',
189 silly get     age: '47',
189 silly get     'x-served-by': 'cache-sn87-SIN',
189 silly get     'x-cache': 'HIT',
189 silly get     'x-cache-hits': '2',
189 silly get     'x-timer': 'S1424674578.437635,VS0,VE0',
189 silly get     vary: 'Accept',
189 silly get     'keep-alive': 'timeout=10, max=50',
189 silly get     connection: 'Keep-Alive' } ]
190 verbose get saving grunt-contrib-concat to /home/rahul/.npm/registry.npmjs.org/grunt-contrib-concat/.cache.json
191 silly addNameRange number 2 { name: 'grunt-contrib-concat',
191 silly addNameRange   range: '>=0.4.0 <0.5.0',
191 silly addNameRange   hasData: true }
192 silly addNameRange versions [ 'grunt-contrib-concat',
192 silly addNameRange   [ '0.1.0',
192 silly addNameRange     '0.1.1',
192 silly addNameRange     '0.1.2',
192 silly addNameRange     '0.1.3',
192 silly addNameRange     '0.2.0',
192 silly addNameRange     '0.3.0',
192 silly addNameRange     '0.4.0',
192 silly addNameRange     '0.5.0',
192 silly addNameRange     '0.5.1',
192 silly addNameRange     '0.1.2-rc5',
192 silly addNameRange     '0.1.2-rc6' ] ]
193 verbose addNamed grunt-contrib-concat@0.4.0
194 silly addNamed semver.valid 0.4.0
195 silly addNamed semver.validRange 0.4.0
196 silly mapToRegistry name grunt-contrib-concat
197 silly mapToRegistry using default registry
198 silly mapToRegistry registry https://registry.npmjs.org/
199 silly mapToRegistry uri https://registry.npmjs.org/grunt-contrib-concat
200 verbose addRemoteTarball https://registry.npmjs.org/grunt-contrib-concat/-/grunt-contrib-concat-0.4.0.tgz not in flight; adding
201 verbose addRemoteTarball [ 'https://registry.npmjs.org/grunt-contrib-concat/-/grunt-contrib-concat-0.4.0.tgz',
201 verbose addRemoteTarball   'b87f7cf153bf64688142f947161156013fbc7c74' ]
202 info retry fetch attempt 1 at 12:26:18
203 info attempt registry request try #1 at 12:26:18
204 http fetch GET https://registry.npmjs.org/grunt-contrib-concat/-/grunt-contrib-concat-0.4.0.tgz
205 http 200 https://registry.npmjs.org/grunt-contrib-jshint
206 silly get cb [ 200,
206 silly get   { date: 'Mon, 23 Feb 2015 06:56:18 GMT',
206 silly get     server: 'CouchDB/1.5.0 (Erlang OTP/R16B03)',
206 silly get     etag: '"9WKT6JI425NFRAA423U4QL4YC"',
206 silly get     'content-type': 'application/json',
206 silly get     'cache-control': 'max-age=60',
206 silly get     'content-length': '55166',
206 silly get     'accept-ranges': 'bytes',
206 silly get     via: '1.1 varnish',
206 silly get     age: '47',
206 silly get     'x-served-by': 'cache-sn87-SIN',
206 silly get     'x-cache': 'HIT',
206 silly get     'x-cache-hits': '1',
206 silly get     'x-timer': 'S1424674578.483205,VS0,VE0',
206 silly get     vary: 'Accept',
206 silly get     'keep-alive': 'timeout=10, max=50',
206 silly get     connection: 'Keep-Alive' } ]
207 verbose get saving grunt-contrib-jshint to /home/rahul/.npm/registry.npmjs.org/grunt-contrib-jshint/.cache.json
208 silly addNameRange number 2 { name: 'grunt-contrib-jshint',
208 silly addNameRange   range: '>=0.10.0 <0.11.0',
208 silly addNameRange   hasData: true }
209 silly addNameRange versions [ 'grunt-contrib-jshint',
209 silly addNameRange   [ '0.1.0',
209 silly addNameRange     '0.1.1',
209 silly addNameRange     '0.2.0',
209 silly addNameRange     '0.3.0',
209 silly addNameRange     '0.4.0',
209 silly addNameRange     '0.4.1',
209 silly addNameRange     '0.4.2',
209 silly addNameRange     '0.4.3',
209 silly addNameRange     '0.5.0',
209 silly addNameRange     '0.5.1',
209 silly addNameRange     '0.5.2',
209 silly addNameRange     '0.5.3',
209 silly addNameRange     '0.5.4',
209 silly addNameRange     '0.6.0',
209 silly addNameRange     '0.6.1',
209 silly addNameRange     '0.6.2',
209 silly addNameRange     '0.6.3',
209 silly addNameRange     '0.6.4',
209 silly addNameRange     '0.6.5',
209 silly addNameRange     '0.7.0',
209 silly addNameRange     '0.7.1',
209 silly addNameRange     '0.7.2',
209 silly addNameRange     '0.8.0',
209 silly addNameRange     '0.9.0',
209 silly addNameRange     '0.9.1',
209 silly addNameRange     '0.9.2',
209 silly addNameRange     '0.10.0',
209 silly addNameRange     '0.11.0',
209 silly addNameRange     '0.1.1-rc5',
209 silly addNameRange     '0.1.1-rc6' ] ]
210 verbose addNamed grunt-contrib-jshint@0.10.0
211 silly addNamed semver.valid 0.10.0
212 silly addNamed semver.validRange 0.10.0
213 silly mapToRegistry name grunt-contrib-jshint
214 silly mapToRegistry using default registry
215 silly mapToRegistry registry https://registry.npmjs.org/
216 silly mapToRegistry uri https://registry.npmjs.org/grunt-contrib-jshint
217 verbose addRemoteTarball https://registry.npmjs.org/grunt-contrib-jshint/-/grunt-contrib-jshint-0.10.0.tgz not in flight; adding
218 verbose addRemoteTarball [ 'https://registry.npmjs.org/grunt-contrib-jshint/-/grunt-contrib-jshint-0.10.0.tgz',
218 verbose addRemoteTarball   '57ebccca87e8f327af6645d8a3c586d4845e4d81' ]
219 info retry fetch attempt 1 at 12:26:18
220 info attempt registry request try #1 at 12:26:18
221 http fetch GET https://registry.npmjs.org/grunt-contrib-jshint/-/grunt-contrib-jshint-0.10.0.tgz
222 http 200 https://registry.npmjs.org/grunt-contrib-watch
223 silly get cb [ 200,
223 silly get   { date: 'Mon, 23 Feb 2015 06:56:18 GMT',
223 silly get     server: 'CouchDB/1.5.0 (Erlang OTP/R16B03)',
223 silly get     etag: '"2R9ANVOWWZIU96JNYSQ9Z97GH"',
223 silly get     'content-type': 'application/json',
223 silly get     'cache-control': 'max-age=60',
223 silly get     'content-length': '60116',
223 silly get     'accept-ranges': 'bytes',
223 silly get     via: '1.1 varnish',
223 silly get     age: '46',
223 silly get     'x-served-by': 'cache-sn86-SIN',
223 silly get     'x-cache': 'HIT',
223 silly get     'x-cache-hits': '10',
223 silly get     'x-timer': 'S1424674578.591693,VS0,VE0',
223 silly get     vary: 'Accept',
223 silly get     'keep-alive': 'timeout=10, max=49',
223 silly get     connection: 'Keep-Alive' } ]
224 verbose get saving grunt-contrib-watch to /home/rahul/.npm/registry.npmjs.org/grunt-contrib-watch/.cache.json
225 silly addNameRange number 2 { name: 'grunt-contrib-watch',
225 silly addNameRange   range: '>=0.6.1 <0.7.0',
225 silly addNameRange   hasData: true }
226 silly addNameRange versions [ 'grunt-contrib-watch',
226 silly addNameRange   [ '0.1.0',
226 silly addNameRange     '0.1.1',
226 silly addNameRange     '0.1.2',
226 silly addNameRange     '0.1.3',
226 silly addNameRange     '0.1.4',
226 silly addNameRange     '0.2.0',
226 silly addNameRange     '0.3.0',
226 silly addNameRange     '0.3.1',
226 silly addNameRange     '0.4.0',
226 silly addNameRange     '0.4.1',
226 silly addNameRange     '0.4.2',
226 silly addNameRange     '0.4.3',
226 silly addNameRange     '0.4.4',
226 silly addNameRange     '0.5.0',
226 silly addNameRange     '0.5.1',
226 silly addNameRange     '0.5.2',
226 silly addNameRange     '0.5.3',
226 silly addNameRange     '0.6.0',
226 silly addNameRange     '0.6.1',
226 silly addNameRange     '0.2.0-a',
226 silly addNameRange     '0.2.0-rc5',
226 silly addNameRange     '0.2.0-rc7' ] ]
227 verbose addNamed grunt-contrib-watch@0.6.1
228 silly addNamed semver.valid 0.6.1
229 silly addNamed semver.validRange 0.6.1
230 silly mapToRegistry name grunt-contrib-watch
231 silly mapToRegistry using default registry
232 silly mapToRegistry registry https://registry.npmjs.org/
233 silly mapToRegistry uri https://registry.npmjs.org/grunt-contrib-watch
234 verbose addRemoteTarball https://registry.npmjs.org/grunt-contrib-watch/-/grunt-contrib-watch-0.6.1.tgz not in flight; adding
235 verbose addRemoteTarball [ 'https://registry.npmjs.org/grunt-contrib-watch/-/grunt-contrib-watch-0.6.1.tgz',
235 verbose addRemoteTarball   '64fdcba25a635f5b4da1b6ce6f90da0aeb6e3f15' ]
236 info retry fetch attempt 1 at 12:26:18
237 info attempt registry request try #1 at 12:26:18
238 http fetch GET https://registry.npmjs.org/grunt-contrib-watch/-/grunt-contrib-watch-0.6.1.tgz
239 http 200 https://registry.npmjs.org/jshint-html-reporter
240 silly get cb [ 200,
240 silly get   { date: 'Mon, 23 Feb 2015 06:56:18 GMT',
240 silly get     server: 'CouchDB/1.5.0 (Erlang OTP/R16B03)',
240 silly get     etag: '"ANCJSRL117820FDZF63YBKVY7"',
240 silly get     'content-type': 'application/json',
240 silly get     'cache-control': 'max-age=60',
240 silly get     'content-length': '10088',
240 silly get     'accept-ranges': 'bytes',
240 silly get     via: '1.1 varnish',
240 silly get     age: '0',
240 silly get     'x-served-by': 'cache-sn87-SIN',
240 silly get     'x-cache': 'MISS',
240 silly get     'x-cache-hits': '0',
240 silly get     'x-timer': 'S1424674578.692530,VS0,VE243',
240 silly get     vary: 'Accept',
240 silly get     'keep-alive': 'timeout=10, max=49',
240 silly get     connection: 'Keep-Alive' } ]
241 verbose get saving jshint-html-reporter to /home/rahul/.npm/registry.npmjs.org/jshint-html-reporter/.cache.json
242 silly addNameRange number 2 { name: 'jshint-html-reporter',
242 silly addNameRange   range: '>=0.2.0 <0.3.0',
242 silly addNameRange   hasData: true }
243 silly addNameRange versions [ 'jshint-html-reporter',
243 silly addNameRange   [ '0.1.0', '0.1.1', '0.1.2', '0.1.3', '0.2.0', '0.2.2', '0.2.3' ] ]
244 verbose addNamed jshint-html-reporter@0.2.3
245 silly addNamed semver.valid 0.2.3
246 silly addNamed semver.validRange 0.2.3
247 silly mapToRegistry name jshint-html-reporter
248 silly mapToRegistry using default registry
249 silly mapToRegistry registry https://registry.npmjs.org/
250 silly mapToRegistry uri https://registry.npmjs.org/jshint-html-reporter
251 verbose addRemoteTarball https://registry.npmjs.org/jshint-html-reporter/-/jshint-html-reporter-0.2.3.tgz not in flight; adding
252 verbose addRemoteTarball [ 'https://registry.npmjs.org/jshint-html-reporter/-/jshint-html-reporter-0.2.3.tgz',
252 verbose addRemoteTarball   '46309e5e6eaab0d32968ff55efe7933ae6ec8743' ]
253 info retry fetch attempt 1 at 12:26:18
254 info attempt registry request try #1 at 12:26:18
255 http fetch GET https://registry.npmjs.org/jshint-html-reporter/-/jshint-html-reporter-0.2.3.tgz
256 http 200 https://registry.npmjs.org/grunt-bower-task
257 silly get cb [ 200,
257 silly get   { date: 'Mon, 23 Feb 2015 06:56:18 GMT',
257 silly get     server: 'CouchDB/1.5.0 (Erlang OTP/R16B03)',
257 silly get     etag: '"1ST785CC6PFO9VL9ZHPIKXH78"',
257 silly get     'content-type': 'application/json',
257 silly get     'cache-control': 'max-age=60',
257 silly get     'content-length': '27735',
257 silly get     'accept-ranges': 'bytes',
257 silly get     via: '1.1 varnish',
257 silly get     age: '0',
257 silly get     'x-served-by': 'cache-sn89-SIN',
257 silly get     'x-cache': 'MISS',
257 silly get     'x-cache-hits': '0',
257 silly get     'x-timer': 'S1424674578.425048,VS0,VE502',
257 silly get     vary: 'Accept',
257 silly get     'keep-alive': 'timeout=10, max=50',
257 silly get     connection: 'Keep-Alive' } ]
258 verbose get saving grunt-bower-task to /home/rahul/.npm/registry.npmjs.org/grunt-bower-task/.cache.json
259 silly addNameRange number 2 { name: 'grunt-bower-task',
259 silly addNameRange   range: '>=0.3.4 <0.4.0',
259 silly addNameRange   hasData: true }
260 silly addNameRange versions [ 'grunt-bower-task',
260 silly addNameRange   [ '0.1.0',
260 silly addNameRange     '0.1.1',
260 silly addNameRange     '0.2.0',
260 silly addNameRange     '0.2.1',
260 silly addNameRange     '0.2.2',
260 silly addNameRange     '0.2.3',
260 silly addNameRange     '0.3.0',
260 silly addNameRange     '0.3.1',
260 silly addNameRange     '0.3.2',
260 silly addNameRange     '0.3.3',
260 silly addNameRange     '0.3.4',
260 silly addNameRange     '0.4.0' ] ]
261 verbose addNamed grunt-bower-task@0.3.4
262 silly addNamed semver.valid 0.3.4
263 silly addNamed semver.validRange 0.3.4
264 silly mapToRegistry name grunt-bower-task
265 silly mapToRegistry using default registry
266 silly mapToRegistry registry https://registry.npmjs.org/
267 silly mapToRegistry uri https://registry.npmjs.org/grunt-bower-task
268 verbose addRemoteTarball https://registry.npmjs.org/grunt-bower-task/-/grunt-bower-task-0.3.4.tgz not in flight; adding
269 verbose addRemoteTarball [ 'https://registry.npmjs.org/grunt-bower-task/-/grunt-bower-task-0.3.4.tgz',
269 verbose addRemoteTarball   '6f713725ae96bb22ed60b1173cf4c522bbb8583b' ]
270 info retry fetch attempt 1 at 12:26:18
271 info attempt registry request try #1 at 12:26:18
272 http fetch GET https://registry.npmjs.org/grunt-bower-task/-/grunt-bower-task-0.3.4.tgz
273 http 200 https://registry.npmjs.org/matchdep
274 silly get cb [ 200,
274 silly get   { date: 'Mon, 23 Feb 2015 06:56:19 GMT',
274 silly get     server: 'CouchDB/1.5.0 (Erlang OTP/R16B03)',
274 silly get     etag: '"EDBALVBR9CXB2WGK5OXLV4FN9"',
274 silly get     'content-type': 'application/json',
274 silly get     'cache-control': 'max-age=60',
274 silly get     'content-length': '13425',
274 silly get     'accept-ranges': 'bytes',
274 silly get     via: '1.1 varnish',
274 silly get     age: '0',
274 silly get     'x-served-by': 'cache-sn86-SIN',
274 silly get     'x-cache': 'HIT',
274 silly get     'x-cache-hits': '1',
274 silly get     'x-timer': 'S1424674578.789020,VS0,VE242',
274 silly get     vary: 'Accept',
274 silly get     'keep-alive': 'timeout=10, max=48',
274 silly get     connection: 'Keep-Alive' } ]
275 verbose get saving matchdep to /home/rahul/.npm/registry.npmjs.org/matchdep/.cache.json
276 silly addNameRange number 2 { name: 'matchdep', range: '>=0.3.0 <0.4.0', hasData: true }
277 silly addNameRange versions [ 'matchdep', [ '0.1.0', '0.1.1', '0.1.2', '0.2.0', '0.3.0' ] ]
278 verbose addNamed matchdep@0.3.0
279 silly addNamed semver.valid 0.3.0
280 silly addNamed semver.validRange 0.3.0
281 silly mapToRegistry name matchdep
282 silly mapToRegistry using default registry
283 silly mapToRegistry registry https://registry.npmjs.org/
284 silly mapToRegistry uri https://registry.npmjs.org/matchdep
285 verbose addRemoteTarball https://registry.npmjs.org/matchdep/-/matchdep-0.3.0.tgz not in flight; adding
286 verbose addRemoteTarball [ 'https://registry.npmjs.org/matchdep/-/matchdep-0.3.0.tgz',
286 verbose addRemoteTarball   '428e649ce5c2818d220e0463eff5c0de9e59d52e' ]
287 http fetch 200 https://registry.npmjs.org/grunt-contrib-clean/-/grunt-contrib-clean-0.5.0.tgz
288 info retry fetch attempt 1 at 12:26:19
289 info attempt registry request try #1 at 12:26:19
290 http fetch GET https://registry.npmjs.org/matchdep/-/matchdep-0.3.0.tgz
291 silly fetchAndShaCheck shasum f53dfdee0849b1c7b40e9ebbba69f48c4c6079c5
292 verbose addTmpTarball /tmp/npm-5478-9383074e/registry.npmjs.org/grunt-contrib-clean/-/grunt-contrib-clean-0.5.0.tgz not in flight; adding
293 verbose addTmpTarball already have metadata; skipping unpack for grunt-contrib-clean@0.5.0
294 silly cache afterAdd grunt-contrib-clean@0.5.0
295 verbose afterAdd /home/rahul/.npm/grunt-contrib-clean/0.5.0/package/package.json not in flight; writing
296 verbose afterAdd /home/rahul/.npm/grunt-contrib-clean/0.5.0/package/package.json written
297 http fetch 200 https://registry.npmjs.org/grunt-contrib-concat/-/grunt-contrib-concat-0.4.0.tgz
298 silly fetchAndShaCheck shasum b87f7cf153bf64688142f947161156013fbc7c74
299 verbose addTmpTarball /tmp/npm-5478-9383074e/registry.npmjs.org/grunt-contrib-concat/-/grunt-contrib-concat-0.4.0.tgz not in flight; adding
300 verbose addTmpTarball already have metadata; skipping unpack for grunt-contrib-concat@0.4.0
301 silly cache afterAdd grunt-contrib-concat@0.4.0
302 verbose afterAdd /home/rahul/.npm/grunt-contrib-concat/0.4.0/package/package.json not in flight; writing
303 verbose afterAdd /home/rahul/.npm/grunt-contrib-concat/0.4.0/package/package.json written
304 http fetch 200 https://registry.npmjs.org/grunt-contrib-jshint/-/grunt-contrib-jshint-0.10.0.tgz
305 silly fetchAndShaCheck shasum 57ebccca87e8f327af6645d8a3c586d4845e4d81
306 verbose addTmpTarball /tmp/npm-5478-9383074e/registry.npmjs.org/grunt-contrib-jshint/-/grunt-contrib-jshint-0.10.0.tgz not in flight; adding
307 verbose addTmpTarball already have metadata; skipping unpack for grunt-contrib-jshint@0.10.0
308 silly cache afterAdd grunt-contrib-jshint@0.10.0
309 verbose afterAdd /home/rahul/.npm/grunt-contrib-jshint/0.10.0/package/package.json not in flight; writing
310 verbose afterAdd /home/rahul/.npm/grunt-contrib-jshint/0.10.0/package/package.json written
311 http 200 https://registry.npmjs.org/grunt
312 silly get cb [ 200,
312 silly get   { date: 'Mon, 23 Feb 2015 06:56:19 GMT',
312 silly get     server: 'CouchDB/1.5.0 (Erlang OTP/R16B03)',
312 silly get     etag: '"CF40NI9IBX3OIZVXGE0YF3409"',
312 silly get     'content-type': 'application/json',
312 silly get     'cache-control': 'max-age=60',
312 silly get     'content-length': '88437',
312 silly get     'accept-ranges': 'bytes',
312 silly get     via: '1.1 varnish',
312 silly get     age: '48',
312 silly get     'x-served-by': 'cache-sn87-SIN',
312 silly get     'x-cache': 'HIT',
312 silly get     'x-cache-hits': '1',
312 silly get     'x-timer': 'S1424674579.011166,VS0,VE0',
312 silly get     vary: 'Accept',
312 silly get     'keep-alive': 'timeout=10, max=48',
312 silly get     connection: 'Keep-Alive' } ]
313 verbose get saving grunt to /home/rahul/.npm/registry.npmjs.org/grunt/.cache.json
314 silly addNameRange number 2 { name: 'grunt', range: '>=0.4.5 <0.5.0', hasData: true }
315 silly addNameRange versions [ 'grunt',
315 silly addNameRange   [ '0.1.0',
315 silly addNameRange     '0.1.1',
315 silly addNameRange     '0.1.2',
315 silly addNameRange     '0.2.0',
315 silly addNameRange     '0.2.1',
315 silly addNameRange     '0.2.2',
315 silly addNameRange     '0.2.3',
315 silly addNameRange     '0.2.4',
315 silly addNameRange     '0.2.5',
315 silly addNameRange     '0.2.6',
315 silly addNameRange     '0.2.7',
315 silly addNameRange     '0.2.8',
315 silly addNameRange     '0.2.9',
315 silly addNameRange     '0.2.10',
315 silly addNameRange     '0.2.11',
315 silly addNameRange     '0.2.12',
315 silly addNameRange     '0.2.13',
315 silly addNameRange     '0.2.14',
315 silly addNameRange     '0.2.15',
315 silly addNameRange     '0.3.0',
315 silly addNameRange     '0.3.1',
315 silly addNameRange     '0.3.2',
315 silly addNameRange     '0.3.3',
315 silly addNameRange     '0.3.4',
315 silly addNameRange     '0.3.5',
315 silly addNameRange     '0.3.6',
315 silly addNameRange     '0.3.7',
315 silly addNameRange     '0.3.8',
315 silly addNameRange     '0.3.9',
315 silly addNameRange     '0.3.10',
315 silly addNameRange     '0.3.11',
315 silly addNameRange     '0.3.12',
315 silly addNameRange     '0.3.13',
315 silly addNameRange     '0.3.14',
315 silly addNameRange     '0.3.15',
315 silly addNameRange     '0.3.16',
315 silly addNameRange     '0.3.17',
315 silly addNameRange     '0.4.0',
315 silly addNameRange     '0.4.1',
315 silly addNameRange     '0.4.2',
315 silly addNameRange     '0.4.3',
315 silly addNameRange     '0.4.4',
315 silly addNameRange     '0.4.5',
315 silly addNameRange     '0.3.13-a',
315 silly addNameRange     '0.4.0-a',
315 silly addNameRange     '0.4.0-rc1',
315 silly addNameRange     '0.4.0-rc2',
315 silly addNameRange     '0.4.0-rc3',
315 silly addNameRange     '0.4.0-rc4',
315 silly addNameRange     '0.4.0-rc5',
315 silly addNameRange     '0.4.0-rc6',
315 silly addNameRange     '0.4.0-rc7',
315 silly addNameRange     '0.4.0-rc8' ] ]
316 verbose addNamed grunt@0.4.5
317 silly addNamed semver.valid 0.4.5
318 silly addNamed semver.validRange 0.4.5
319 http fetch 200 https://registry.npmjs.org/grunt-contrib-watch/-/grunt-contrib-watch-0.6.1.tgz
320 silly fetchAndShaCheck shasum 64fdcba25a635f5b4da1b6ce6f90da0aeb6e3f15
321 verbose addTmpTarball /tmp/npm-5478-9383074e/registry.npmjs.org/grunt-contrib-watch/-/grunt-contrib-watch-0.6.1.tgz not in flight; adding
322 verbose addTmpTarball already have metadata; skipping unpack for grunt-contrib-watch@0.6.1
323 silly cache afterAdd grunt-contrib-watch@0.6.1
324 verbose afterAdd /home/rahul/.npm/grunt-contrib-watch/0.6.1/package/package.json not in flight; writing
325 verbose afterAdd /home/rahul/.npm/grunt-contrib-watch/0.6.1/package/package.json written
326 silly cache afterAdd grunt@0.4.5
327 verbose afterAdd /home/rahul/.npm/grunt/0.4.5/package/package.json not in flight; writing
328 verbose afterAdd /home/rahul/.npm/grunt/0.4.5/package/package.json written
329 http fetch 200 https://registry.npmjs.org/grunt-bower-task/-/grunt-bower-task-0.3.4.tgz
330 silly fetchAndShaCheck shasum 6f713725ae96bb22ed60b1173cf4c522bbb8583b
331 verbose addTmpTarball /tmp/npm-5478-9383074e/registry.npmjs.org/grunt-bower-task/-/grunt-bower-task-0.3.4.tgz not in flight; adding
332 verbose addTmpTarball already have metadata; skipping unpack for grunt-bower-task@0.3.4
333 silly cache afterAdd grunt-bower-task@0.3.4
334 verbose afterAdd /home/rahul/.npm/grunt-bower-task/0.3.4/package/package.json not in flight; writing
335 verbose afterAdd /home/rahul/.npm/grunt-bower-task/0.3.4/package/package.json written
336 http fetch 200 https://registry.npmjs.org/matchdep/-/matchdep-0.3.0.tgz
337 silly fetchAndShaCheck shasum 428e649ce5c2818d220e0463eff5c0de9e59d52e
338 verbose addTmpTarball /tmp/npm-5478-9383074e/registry.npmjs.org/matchdep/-/matchdep-0.3.0.tgz not in flight; adding
339 verbose addTmpTarball already have metadata; skipping unpack for matchdep@0.3.0
340 silly cache afterAdd matchdep@0.3.0
341 verbose afterAdd /home/rahul/.npm/matchdep/0.3.0/package/package.json not in flight; writing
342 verbose afterAdd /home/rahul/.npm/matchdep/0.3.0/package/package.json written
343 http 200 https://registry.npmjs.org/grunt-shell-spawn
344 silly get cb [ 200,
344 silly get   { date: 'Mon, 23 Feb 2015 06:56:19 GMT',
344 silly get     server: 'CouchDB/1.5.0 (Erlang OTP/R16B03)',
344 silly get     etag: '"1RWZUADTQOWH75GFPOJK7CPBC"',
344 silly get     'content-type': 'application/json',
344 silly get     'cache-control': 'max-age=60',
344 silly get     'content-length': '14031',
344 silly get     'accept-ranges': 'bytes',
344 silly get     via: '1.1 varnish',
344 silly get     age: '0',
344 silly get     'x-served-by': 'cache-sn87-SIN',
344 silly get     'x-cache': 'MISS',
344 silly get     'x-cache-hits': '0',
344 silly get     'x-timer': 'S1424674578.607931,VS0,VE810',
344 silly get     vary: 'Accept',
344 silly get     'keep-alive': 'timeout=10, max=49',
344 silly get     connection: 'Keep-Alive' } ]
345 verbose get saving grunt-shell-spawn to /home/rahul/.npm/registry.npmjs.org/grunt-shell-spawn/.cache.json
346 silly addNameRange number 2 { name: 'grunt-shell-spawn',
346 silly addNameRange   range: '>=0.3.0 <0.4.0',
346 silly addNameRange   hasData: true }
347 silly addNameRange versions [ 'grunt-shell-spawn',
347 silly addNameRange   [ '0.1.3',
347 silly addNameRange     '0.2.0',
347 silly addNameRange     '0.2.1',
347 silly addNameRange     '0.2.2',
347 silly addNameRange     '0.2.3',
347 silly addNameRange     '0.2.4',
347 silly addNameRange     '0.3.0',
347 silly addNameRange     '0.3.1' ] ]
348 verbose addNamed grunt-shell-spawn@0.3.1
349 silly addNamed semver.valid 0.3.1
350 silly addNamed semver.validRange 0.3.1
351 silly mapToRegistry name grunt-shell-spawn
352 silly mapToRegistry using default registry
353 silly mapToRegistry registry https://registry.npmjs.org/
354 silly mapToRegistry uri https://registry.npmjs.org/grunt-shell-spawn
355 verbose addRemoteTarball https://registry.npmjs.org/grunt-shell-spawn/-/grunt-shell-spawn-0.3.1.tgz not in flight; adding
356 verbose addRemoteTarball [ 'https://registry.npmjs.org/grunt-shell-spawn/-/grunt-shell-spawn-0.3.1.tgz',
356 verbose addRemoteTarball   'd019eb7aed41aa2c284a71ec32a3f3a469448724' ]
357 info retry fetch attempt 1 at 12:26:19
358 info attempt registry request try #1 at 12:26:19
359 http fetch GET https://registry.npmjs.org/grunt-shell-spawn/-/grunt-shell-spawn-0.3.1.tgz
360 http 200 https://registry.npmjs.org/grunt-angular-templates
361 silly get cb [ 200,
361 silly get   { date: 'Mon, 23 Feb 2015 06:56:19 GMT',
361 silly get     server: 'CouchDB/1.5.0 (Erlang OTP/R16B03)',
361 silly get     etag: '"8826FV82RYG0C8HPF9WKC2E0V"',
361 silly get     'content-type': 'application/json',
361 silly get     'cache-control': 'max-age=60',
361 silly get     'content-length': '67433',
361 silly get     'accept-ranges': 'bytes',
361 silly get     via: '1.1 varnish',
361 silly get     age: '0',
361 silly get     'x-served-by': 'cache-sn88-SIN',
361 silly get     'x-cache': 'HIT',
361 silly get     'x-cache-hits': '1',
361 silly get     'x-timer': 'S1424674578.414865,VS0,VE824',
361 silly get     vary: 'Accept',
361 silly get     'keep-alive': 'timeout=10, max=50',
361 silly get     connection: 'Keep-Alive' } ]
362 verbose get saving grunt-angular-templates to /home/rahul/.npm/registry.npmjs.org/grunt-angular-templates/.cache.json
363 silly addNameRange number 2 { name: 'grunt-angular-templates',
363 silly addNameRange   range: '>=0.5.5 <0.6.0',
363 silly addNameRange   hasData: true }
364 silly addNameRange versions [ 'grunt-angular-templates',
364 silly addNameRange   [ '0.1.0',
364 silly addNameRange     '0.1.1',
364 silly addNameRange     '0.1.2',
364 silly addNameRange     '0.1.3',
364 silly addNameRange     '0.2.1',
364 silly addNameRange     '0.2.2',
364 silly addNameRange     '0.3.0',
364 silly addNameRange     '0.3.1',
364 silly addNameRange     '0.3.2',
364 silly addNameRange     '0.3.3',
364 silly addNameRange     '0.3.4',
364 silly addNameRange     '0.3.6',
364 silly addNameRange     '0.3.7',
364 silly addNameRange     '0.3.8',
364 silly addNameRange     '0.3.9',
364 silly addNameRange     '0.3.10',
364 silly addNameRange     '0.3.11',
364 silly addNameRange     '0.3.12',
364 silly addNameRange     '0.4.0',
364 silly addNameRange     '0.4.1',
364 silly addNameRange     '0.4.2',
364 silly addNameRange     '0.4.3',
364 silly addNameRange     '0.4.4',
364 silly addNameRange     '0.4.5',
364 silly addNameRange     '0.4.6',
364 silly addNameRange     '0.4.7',
364 silly addNameRange     '0.4.9',
364 silly addNameRange     '0.5.0',
364 silly addNameRange     '0.4.10',
364 silly addNameRange     '0.5.1',
364 silly addNameRange     '0.5.2',
364 silly addNameRange     '0.5.3',
364 silly addNameRange     '0.5.4',
364 silly addNameRange     '0.5.5',
364 silly addNameRange     '0.5.6',
364 silly addNameRange     '0.5.7' ] ]
365 verbose addNamed grunt-angular-templates@0.5.7
366 silly addNamed semver.valid 0.5.7
367 silly addNamed semver.validRange 0.5.7
368 silly mapToRegistry name grunt-angular-templates
369 silly mapToRegistry using default registry
370 silly mapToRegistry registry https://registry.npmjs.org/
371 silly mapToRegistry uri https://registry.npmjs.org/grunt-angular-templates
372 verbose addRemoteTarball https://registry.npmjs.org/grunt-angular-templates/-/grunt-angular-templates-0.5.7.tgz not in flight; adding
373 verbose addRemoteTarball [ 'https://registry.npmjs.org/grunt-angular-templates/-/grunt-angular-templates-0.5.7.tgz',
373 verbose addRemoteTarball   '97683df6ea64ba6b247031d4965e7cc497814ab6' ]
374 info retry fetch attempt 1 at 12:26:19
375 info attempt registry request try #1 at 12:26:19
376 http fetch GET https://registry.npmjs.org/grunt-angular-templates/-/grunt-angular-templates-0.5.7.tgz
377 http fetch 200 https://registry.npmjs.org/grunt-shell-spawn/-/grunt-shell-spawn-0.3.1.tgz
378 silly fetchAndShaCheck shasum d019eb7aed41aa2c284a71ec32a3f3a469448724
379 verbose addTmpTarball /tmp/npm-5478-9383074e/registry.npmjs.org/grunt-shell-spawn/-/grunt-shell-spawn-0.3.1.tgz not in flight; adding
380 verbose addTmpTarball already have metadata; skipping unpack for grunt-shell-spawn@0.3.1
381 silly cache afterAdd grunt-shell-spawn@0.3.1
382 verbose afterAdd /home/rahul/.npm/grunt-shell-spawn/0.3.1/package/package.json not in flight; writing
383 verbose afterAdd /home/rahul/.npm/grunt-shell-spawn/0.3.1/package/package.json written
384 http fetch 200 https://registry.npmjs.org/jshint-html-reporter/-/jshint-html-reporter-0.2.3.tgz
385 silly fetchAndShaCheck shasum 46309e5e6eaab0d32968ff55efe7933ae6ec8743
386 verbose addTmpTarball /tmp/npm-5478-9383074e/registry.npmjs.org/jshint-html-reporter/-/jshint-html-reporter-0.2.3.tgz not in flight; adding
387 verbose addTmpTarball already have metadata; skipping unpack for jshint-html-reporter@0.2.3
388 silly cache afterAdd jshint-html-reporter@0.2.3
389 verbose afterAdd /home/rahul/.npm/jshint-html-reporter/0.2.3/package/package.json not in flight; writing
390 verbose afterAdd /home/rahul/.npm/jshint-html-reporter/0.2.3/package/package.json written
391 http fetch 200 https://registry.npmjs.org/grunt-angular-templates/-/grunt-angular-templates-0.5.7.tgz
392 silly fetchAndShaCheck shasum 97683df6ea64ba6b247031d4965e7cc497814ab6
393 verbose addTmpTarball /tmp/npm-5478-9383074e/registry.npmjs.org/grunt-angular-templates/-/grunt-angular-templates-0.5.7.tgz not in flight; adding
394 verbose addTmpTarball already have metadata; skipping unpack for grunt-angular-templates@0.5.7
395 silly cache afterAdd grunt-angular-templates@0.5.7
396 verbose afterAdd /home/rahul/.npm/grunt-angular-templates/0.5.7/package/package.json not in flight; writing
397 verbose afterAdd /home/rahul/.npm/grunt-angular-templates/0.5.7/package/package.json written
398 silly install resolved [ { name: 'grunt-contrib-clean',
398 silly install resolved     description: 'Clean files and folders.',
398 silly install resolved     version: '0.5.0',
398 silly install resolved     homepage: 'https://github.com/gruntjs/grunt-contrib-clean',
398 silly install resolved     author: { name: 'Grunt Team', url: 'http://gruntjs.com/' },
398 silly install resolved     repository:
398 silly install resolved      { type: 'git',
398 silly install resolved        url: 'git://github.com/gruntjs/grunt-contrib-clean.git' },
398 silly install resolved     bugs: { url: 'https://github.com/gruntjs/grunt-contrib-clean/issues' },
398 silly install resolved     licenses: [ [Object] ],
398 silly install resolved     main: 'Gruntfile.js',
398 silly install resolved     engines: { node: '>= 0.8.0' },
398 silly install resolved     scripts: { test: 'grunt test' },
398 silly install resolved     dependencies: { rimraf: '~2.2.1' },
398 silly install resolved     devDependencies:
398 silly install resolved      { 'grunt-contrib-jshint': '~0.2.0',
398 silly install resolved        'grunt-contrib-nodeunit': '~0.1.2',
398 silly install resolved        'grunt-contrib-internal': '~0.4.4',
398 silly install resolved        grunt: '~0.4.0' },
398 silly install resolved     peerDependencies: { grunt: '~0.4.0' },
398 silly install resolved     keywords: [ 'gruntplugin' ],
398 silly install resolved     contributors: [ [Object], [Object], [Object], [Object], [Object], [Object] ],
398 silly install resolved     _id: 'grunt-contrib-clean@0.5.0',
398 silly install resolved     dist:
398 silly install resolved      { shasum: 'f53dfdee0849b1c7b40e9ebbba69f48c4c6079c5',
398 silly install resolved        tarball: 'http://registry.npmjs.org/grunt-contrib-clean/-/grunt-contrib-clean-0.5.0.tgz' },
398 silly install resolved     _from: 'grunt-contrib-clean@>=0.5.0 <0.6.0',
398 silly install resolved     _npmVersion: '1.3.2',
398 silly install resolved     _npmUser: { name: 'shama', email: 'kyle@dontkry.com' },
398 silly install resolved     maintainers: [ [Object], [Object], [Object] ],
398 silly install resolved     directories: {},
398 silly install resolved     _shasum: 'f53dfdee0849b1c7b40e9ebbba69f48c4c6079c5',
398 silly install resolved     _resolved: 'https://registry.npmjs.org/grunt-contrib-clean/-/grunt-contrib-clean-0.5.0.tgz' },
398 silly install resolved   { name: 'grunt-contrib-concat',
398 silly install resolved     description: 'Concatenate files.',
398 silly install resolved     version: '0.4.0',
398 silly install resolved     homepage: 'https://github.com/gruntjs/grunt-contrib-concat',
398 silly install resolved     author: { name: 'Grunt Team', url: 'http://gruntjs.com/' },
398 silly install resolved     repository:
398 silly install resolved      { type: 'git',
398 silly install resolved        url: 'git://github.com/gruntjs/grunt-contrib-concat.git' },
398 silly install resolved     bugs: { url: 'https://github.com/gruntjs/grunt-contrib-concat/issues' },
398 silly install resolved     licenses: [ [Object] ],
398 silly install resolved     engines: { node: '>= 0.8.0' },
398 silly install resolved     scripts: { test: 'grunt test' },
398 silly install resolved     dependencies: { chalk: '~0.4.0' },
398 silly install resolved     devDependencies:
398 silly install resolved      { 'grunt-contrib-jshint': '~0.9.2',
398 silly install resolved        'grunt-contrib-nodeunit': '~0.3.0',
398 silly install resolved        'grunt-contrib-clean': '~0.5.0',
398 silly install resolved        'grunt-contrib-internal': '~0.4.2',
398 silly install resolved        grunt: '~0.4.0' },
398 silly install resolved     peerDependencies: { grunt: '~0.4.0' },
398 silly install resolved     keywords: [ 'gruntplugin' ],
398 silly install resolved     files: [ 'tasks', 'LICENSE-MIT' ],
398 silly install resolved     _id: 'grunt-contrib-concat@0.4.0',
398 silly install resolved     dist:
398 silly install resolved      { shasum: 'b87f7cf153bf64688142f947161156013fbc7c74',
398 silly install resolved        tarball: 'http://registry.npmjs.org/grunt-contrib-concat/-/grunt-contrib-concat-0.4.0.tgz' },
398 silly install resolved     _from: 'grunt-contrib-concat@>=0.4.0 <0.5.0',
398 silly install resolved     _npmVersion: '1.4.3',
398 silly install resolved     _npmUser: { name: 'vladikoff', email: 'vlad@vladikoff.com' },
398 silly install resolved     maintainers: [ [Object], [Object], [Object], [Object], [Object], [Object] ],
398 silly install resolved     directories: {},
398 silly install resolved     _shasum: 'b87f7cf153bf64688142f947161156013fbc7c74',
398 silly install resolved     _resolved: 'https://registry.npmjs.org/grunt-contrib-concat/-/grunt-contrib-concat-0.4.0.tgz' },
398 silly install resolved   { name: 'grunt-contrib-jshint',
398 silly install resolved     description: 'Validate files with JSHint.',
398 silly install resolved     version: '0.10.0',
398 silly install resolved     homepage: 'https://github.com/gruntjs/grunt-contrib-jshint',
398 silly install resolved     author: { name: 'Grunt Team', url: 'http://gruntjs.com/' },
398 silly install resolved     repository:
398 silly install resolved      { type: 'git',
398 silly install resolved        url: 'git://github.com/gruntjs/grunt-contrib-jshint.git' },
398 silly install resolved     bugs: { url: 'https://github.com/gruntjs/grunt-contrib-jshint/issues' },
398 silly install resolved     licenses: [ [Object] ],
398 silly install resolved     engines: { node: '>= 0.8.0' },
398 silly install resolved     scripts: { test: 'grunt test' },
398 silly install resolved     dependencies: { jshint: '~2.5.0', hooker: '~0.2.3' },
398 silly install resolved     devDependencies:
398 silly install resolved      { 'grunt-contrib-nodeunit': '~0.3.1',
398 silly install resolved        'grunt-contrib-internal': '~0.4.8',
398 silly install resolved        grunt: '~0.4.0' },
398 silly install resolved     peerDependencies: { grunt: '~0.4.0' },
398 silly install resolved     keywords: [ 'gruntplugin' ],
398 silly install resolved     files: [ 'tasks', 'LICENSE-MIT' ],
398 silly install resolved     _id: 'grunt-contrib-jshint@0.10.0',
398 silly install resolved     dist:
398 silly install resolved      { shasum: '57ebccca87e8f327af6645d8a3c586d4845e4d81',
398 silly install resolved        tarball: 'http://registry.npmjs.org/grunt-contrib-jshint/-/grunt-contrib-jshint-0.10.0.tgz' },
398 silly install resolved     _from: 'grunt-contrib-jshint@>=0.10.0 <0.11.0',
398 silly install resolved     _npmVersion: '1.4.3',
398 silly install resolved     _npmUser: { name: 'vladikoff', email: 'vlad@vladikoff.com' },
398 silly install resolved     maintainers: [ [Object], [Object], [Object], [Object], [Object], [Object] ],
398 silly install resolved     directories: {},
398 silly install resolved     _shasum: '57ebccca87e8f327af6645d8a3c586d4845e4d81',
398 silly install resolved     _resolved: 'https://registry.npmjs.org/grunt-contrib-jshint/-/grunt-contrib-jshint-0.10.0.tgz' },
398 silly install resolved   { name: 'grunt-contrib-watch',
398 silly install resolved     description: 'Run predefined tasks whenever watched file patterns are added, changed or deleted.',
398 silly install resolved     version: '0.6.1',
398 silly install resolved     homepage: 'https://github.com/gruntjs/grunt-contrib-watch',
398 silly install resolved     author: { name: 'Grunt Team', url: 'http://gruntjs.com/' },
398 silly install resolved     repository:
398 silly install resolved      { type: 'git',
398 silly install resolved        url: 'git://github.com/gruntjs/grunt-contrib-watch.git' },
398 silly install resolved     bugs: { url: 'https://github.com/gruntjs/grunt-contrib-watch/issues' },
398 silly install resolved     licenses: [ [Object] ],
398 silly install resolved     engines: { node: '>= 0.8.0' },
398 silly install resolved     scripts: { test: 'grunt nodeunit -v' },
398 silly install resolved     dependencies:
398 silly install resolved      { gaze: '~0.5.1',
398 silly install resolved        'tiny-lr-fork': '0.0.5',
398 silly install resolved        lodash: '~2.4.1',
398 silly install resolved        async: '~0.2.9' },
398 silly install resolved     devDependencies:
398 silly install resolved      { grunt: '~0.4.0',
398 silly install resolved        'grunt-contrib-jshint': '~0.8.0',
398 silly install resolved        'grunt-contrib-nodeunit': '~0.3.3',
398 silly install resolved        'grunt-contrib-internal': '~0.4.7',
398 silly install resolved        'underscore.string': '~2.3.3' },
398 silly install resolved     peerDependencies: { grunt: '~0.4.0' },
398 silly install resolved     keywords: [ 'gruntplugin', 'watch' ],
398 silly install resolved     files: [ 'tasks', 'LICENSE-MIT' ],
398 silly install resolved     _id: 'grunt-contrib-watch@0.6.1',
398 silly install resolved     dist:
398 silly install resolved      { shasum: '64fdcba25a635f5b4da1b6ce6f90da0aeb6e3f15',
398 silly install resolved        tarball: 'http://registry.npmjs.org/grunt-contrib-watch/-/grunt-contrib-watch-0.6.1.tgz' },
398 silly install resolved     _from: 'grunt-contrib-watch@>=0.6.1 <0.7.0',
398 silly install resolved     _npmVersion: '1.4.4',
398 silly install resolved     _npmUser: { name: 'shama', email: 'kyle@dontkry.com' },
398 silly install resolved     maintainers: [ [Object], [Object], [Object], [Object], [Object], [Object] ],
398 silly install resolved     directories: {},
398 silly install resolved     _shasum: '64fdcba25a635f5b4da1b6ce6f90da0aeb6e3f15',
398 silly install resolved     _resolved: 'https://registry.npmjs.org/grunt-contrib-watch/-/grunt-contrib-watch-0.6.1.tgz' },
398 silly install resolved   { name: 'grunt',
398 silly install resolved     description: 'The JavaScript Task Runner',
398 silly install resolved     version: '0.4.5',
398 silly install resolved     author: { name: '"Cowboy" Ben Alman', url: 'http://benalman.com/' },
398 silly install resolved     homepage: 'http://gruntjs.com/',
398 silly install resolved     repository: { type: 'git', url: 'git://github.com/gruntjs/grunt.git' },
398 silly install resolved     bugs: { url: 'http://github.com/gruntjs/grunt/issues' },
398 silly install resolved     licenses: [ [Object] ],
398 silly install resolved     main: 'lib/grunt',
398 silly install resolved     scripts: { test: 'grunt test' },
398 silly install resolved     engines: { node: '>= 0.8.0' },
398 silly install resolved     keywords:
398 silly install resolved      [ 'task',
398 silly install resolved        'async',
398 silly install resolved        'cli',
398 silly install resolved        'minify',
398 silly install resolved        'uglify',
398 silly install resolved        'build',
398 silly install resolved        'lodash',
398 silly install resolved        'unit',
398 silly install resolved        'test',
398 silly install resolved        'qunit',
398 silly install resolved        'nodeunit',
398 silly install resolved        'server',
398 silly install resolved        'init',
398 silly install resolved        'scaffold',
398 silly install resolved        'make',
398 silly install resolved        'jake',
398 silly install resolved        'tool' ],
398 silly install resolved     dependencies:
398 silly install resolved      { async: '~0.1.22',
398 silly install resolved        'coffee-script': '~1.3.3',
398 silly install resolved        colors: '~0.6.2',
398 silly install resolved        dateformat: '1.0.2-1.2.3',
398 silly install resolved        eventemitter2: '~0.4.13',
398 silly install resolved        'findup-sync': '~0.1.2',
398 silly install resolved        glob: '~3.1.21',
398 silly install resolved        hooker: '~0.2.3',
398 silly install resolved        'iconv-lite': '~0.2.11',
398 silly install resolved        minimatch: '~0.2.12',
398 silly install resolved        nopt: '~1.0.10',
398 silly install resolved        rimraf: '~2.2.8',
398 silly install resolved        lodash: '~0.9.2',
398 silly install resolved        'underscore.string': '~2.2.1',
398 silly install resolved        which: '~1.0.5',
398 silly install resolved        'js-yaml': '~2.0.5',
398 silly install resolved        exit: '~0.1.1',
398 silly install resolved        getobject: '~0.1.0',
398 silly install resolved        'grunt-legacy-util': '~0.2.0',
398 silly install resolved        'grunt-legacy-log': '~0.1.0' },
398 silly install resolved     devDependencies:
398 silly install resolved      { temporary: '~0.0.4',
398 silly install resolved        'grunt-contrib-jshint': '~0.6.4',
398 silly install resolved        'grunt-contrib-nodeunit': '~0.2.0',
398 silly install resolved        'grunt-contrib-watch': '~0.5.3',
398 silly install resolved        difflet: '~0.2.3',
398 silly install resolved        semver: '2.1.0',
398 silly install resolved        shelljs: '~0.2.5' },
398 silly install resolved     _id: 'grunt@0.4.5',
398 silly install resolved     dist:
398 silly install resolved      { shasum: '56937cd5194324adff6d207631832a9d6ba4e7f0',
398 silly install resolved        tarball: 'http://registry.npmjs.org/grunt/-/grunt-0.4.5.tgz' },
398 silly install resolved     _from: 'grunt@>=0.4.5 <0.5.0',
398 silly install resolved     _npmVersion: '1.4.4',
398 silly install resolved     _npmUser: { name: 'cowboy', email: 'cowboy@rj3.net' },
398 silly install resolved     maintainers: [ [Object], [Object] ],
398 silly install resolved     directories: {},
398 silly install resolved     _shasum: '56937cd5194324adff6d207631832a9d6ba4e7f0',
398 silly install resolved     _resolved: 'https://registry.npmjs.org/grunt/-/grunt-0.4.5.tgz',
398 silly install resolved     readme: 'ERROR: No README data found!' },
398 silly install resolved   { name: 'grunt-bower-task',
398 silly install resolved     description: 'Install Bower packages.',
398 silly install resolved     version: '0.3.4',
398 silly install resolved     homepage: 'https://github.com/yatskevich/grunt-bower-task',
398 silly install resolved     author: { name: 'Ivan Yatskevich', email: 'ivan@yatskevich.com' },
398 silly install resolved     contributors: [ [Object] ],
398 silly install resolved     repository:
398 silly install resolved      { type: 'git',
398 silly install resolved        url: 'git://github.com/yatskevich/grunt-bower-task.git' },
398 silly install resolved     bugs: { url: 'https://github.com/yatskevich/grunt-bower-task/issues' },
398 silly install resolved     licenses: [ [Object] ],
398 silly install resolved     main: 'Gruntfile.js',
398 silly install resolved     engines: { node: '>= 0.8.0' },
398 silly install resolved     scripts: { test: 'grunt test' },
398 silly install resolved     dependencies:
398 silly install resolved      { bower: '~1.2.0',
398 silly install resolved        lodash: '~0.10.0',
398 silly install resolved        rimraf: '~2.0.2',
398 silly install resolved        wrench: '~1.4.3',
398 silly install resolved        colors: '~0.6.0-1',
398 silly install resolved        async: '~0.1.22' },
398 silly install resolved     devDependencies:
398 silly install resolved      { grunt: '~0.4.1',
398 silly install resolved        'grunt-cli': '~0.1.6',
398 silly install resolved        'grunt-contrib-jshint': '0.3.0',
398 silly install resolved        'grunt-simple-mocha': '~0.4.0',
398 silly install resolved        chai: '1.7.2',
398 silly install resolved        'grunt-contrib-nodeunit': '~0.1.2' },
398 silly install resolved     keywords: [ 'gruntplugin', 'bower' ],
398 silly install resolved     _id: 'grunt-bower-task@0.3.4',
398 silly install resolved     dist:
398 silly install resolved      { shasum: '6f713725ae96bb22ed60b1173cf4c522bbb8583b',
398 silly install resolved        tarball: 'http://registry.npmjs.org/grunt-bower-task/-/grunt-bower-task-0.3.4.tgz' },
398 silly install resolved     _from: 'grunt-bower-task@>=0.3.4 <0.4.0',
398 silly install resolved     _npmVersion: '1.3.8',
398 silly install resolved     _npmUser: { name: 'yatskevich', email: 'ivan@yatskevich.com' },
398 silly install resolved     maintainers: [ [Object] ],
398 silly install resolved     directories: {},
398 silly install resolved     _shasum: '6f713725ae96bb22ed60b1173cf4c522bbb8583b',
398 silly install resolved     _resolved: 'https://registry.npmjs.org/grunt-bower-task/-/grunt-bower-task-0.3.4.tgz' },
398 silly install resolved   { name: 'matchdep',
398 silly install resolved     description: 'Use globule to filter npm module dependencies by name.',
398 silly install resolved     version: '0.3.0',
398 silly install resolved     homepage: 'https://github.com/tkellen/node-matchdep',
398 silly install resolved     author: { name: 'Tyler Kellen', url: 'http://goingslowly.com/' },
398 silly install resolved     repository:
398 silly install resolved      { type: 'git',
398 silly install resolved        url: 'git://github.com/tkellen/node-matchdep.git' },
398 silly install resolved     bugs: { url: 'https://github.com/tkellen/node-matchdep/issues' },
398 silly install resolved     licenses: [ [Object] ],
398 silly install resolved     main: 'lib/matchdep',
398 silly install resolved     engines: { node: '>= 0.8.0' },
398 silly install resolved     scripts: { test: 'grunt' },
398 silly install resolved     dependencies:
398 silly install resolved      { 'findup-sync': '~0.1.2',
398 silly install resolved        resolve: '~0.5.1',
398 silly install resolved        'stack-trace': '0.0.7',
398 silly install resolved        globule: '~0.1.0' },
398 silly install resolved     devDependencies:
398 silly install resolved      { 'grunt-contrib-jshint': '~0.6.4',
398 silly install resolved        'grunt-contrib-nodeunit': '~0.2.1',
398 silly install resolved        grunt: '~0.4.1' },
398 silly install resolved     keywords:
398 silly install resolved      [ 'package.json',
398 silly install resolved        'dependencies',
398 silly install resolved        'devDependencies',
398 silly install resolved        'peerDependencies' ],
398 silly install resolved     readme: '# matchdep [![Build Status](https://secure.travis-ci.org/tkellen/node-matchdep.png?branch=master)](http://travis-ci.org/tkellen/node-matchdep)\n\n> Use [globule] to filter npm module dependencies by name.\n\n## Examples\n\n```js\nvar matchdep = require(\'matchdep\');\n\n// Filter dependencies (by autoloading nearest package.json)\nmatchdep.filter(\'mini*\');\n\n// Filter devDependencies (with config string indicating file to be required)\nmatchdep.filterDev(\'grunt-contrib-*\', \'./package.json\');\n\n// Filter peerDependencies (with config string indicating file to be required)\nmatchdep.filterDev(\'foo-{bar,baz}\', \'./some-other.json\');\n\n// Filter all dependencies (with explicit config provided)\nmatchdep.filterAll(\'*\', require(\'./yet-another.json\'));\n\n// Filter all dependencies, exclude grunt (multiple matching patterns)\nmatchdep.filterAll([\'*\',\'!grunt\']);\n```\n\n## Usage\n\n```js\nfilter(pattern, config)\nfilterDev(pattern, config)\nfilterPeer(pattern, config)\nfilterAll(pattern, config)\n```\n\n### pattern\nType: `String|Array`\nDefault: \'none\'\n\nA [globule] compatible match pattern to filter dependencies.\n\n### config\nType: `String` or `Object`\nDefault: Path to nearest package.json.\n\nIf config is a string, matchdep will attempt to require it.  If it is an object, it will be used directly.\n\n## Release History\n\n* 2013-10-09 - v0.3 - support multiple pattern matches using [globule]\n* 2013-10-08 - v0.2 - refactor and support filtering peerDependencies\n* 2012-11-27 - v0.1 - initial release\n\n\n[globule]: https://github.com/cowboy/node-globule\n',
398 silly install resolved     readmeFilename: 'README.md',
398 silly install resolved     _id: 'matchdep@0.3.0',
398 silly install resolved     dist:
398 silly install resolved      { shasum: '428e649ce5c2818d220e0463eff5c0de9e59d52e',
398 silly install resolved        tarball: 'http://registry.npmjs.org/matchdep/-/matchdep-0.3.0.tgz' },
398 silly install resolved     _from: 'matchdep@>=0.3.0 <0.4.0',
398 silly install resolved     _npmVersion: '1.2.15',
398 silly install resolved     _npmUser: { name: 'tkellen', email: 'tyler@sleekcode.net' },
398 silly install resolved     maintainers: [ [Object] ],
398 silly install resolved     directories: {},
398 silly install resolved     _shasum: '428e649ce5c2818d220e0463eff5c0de9e59d52e',
398 silly install resolved     _resolved: 'https://registry.npmjs.org/matchdep/-/matchdep-0.3.0.tgz' },
398 silly install resolved   { name: 'grunt-shell-spawn',
398 silly install resolved     version: '0.3.1',
398 silly install resolved     description: 'Grunt task to run shell commands',
398 silly install resolved     keywords:
398 silly install resolved      [ 'gruntplugin',
398 silly install resolved        'grunt',
398 silly install resolved        'shell',
398 silly install resolved        'command',
398 silly install resolved        'exec',
398 silly install resolved        'spawn',
398 silly install resolved        'cli' ],
398 silly install resolved     homepage: 'https://github.com/cri5ti/grunt-shell-spawn',
398 silly install resolved     bugs: { url: 'https://github.com/cri5ti/grunt-shell-spawn/issues' },
398 silly install resolved     author:
398 silly install resolved      { name: 'Sindre Sorhus',
398 silly install resolved        email: 'sindresorhus@gmail.com',
398 silly install resolved        url: 'http://sindresorhus.com' },
398 silly install resolved     contributors: [ [Object], [Object], [Object] ],
398 silly install resolved     main: 'grunt.js',
398 silly install resolved     bin: { 'grunt-shell-spawn': 'bin/grunt-shell-spawn' },
398 silly install resolved     repository:
398 silly install resolved      { type: 'git',
398 silly install resolved        url: 'git://github.com/cri5ti/grunt-shell-spawn.git' },
398 silly install resolved     dependencies: { grunt: '>=0.4.x', execSync: '~1.0.1-pre' },
398 silly install resolved     devDependencies:
398 silly install resolved      { 'grunt-cli': '~0.1.9',
398 silly install resolved        'grunt-contrib-jshint': '~0.7.0',
398 silly install resolved        'grunt-contrib-nodeunit': '~0.2.2' },
398 silly install resolved     scripts: { test: 'grunt jshint nodeunit' },
398 silly install resolved     engines: { node: '>=0.6.0' },
398 silly install resolved     licenses: { type: 'MIT' },
398 silly install resolved     _id: 'grunt-shell-spawn@0.3.1',
398 silly install resolved     dist:
398 silly install resolved      { shasum: 'd019eb7aed41aa2c284a71ec32a3f3a469448724',
398 silly install resolved        tarball: 'http://registry.npmjs.org/grunt-shell-spawn/-/grunt-shell-spawn-0.3.1.tgz' },
398 silly install resolved     _from: 'grunt-shell-spawn@>=0.3.0 <0.4.0',
398 silly install resolved     _npmVersion: '1.4.3',
398 silly install resolved     _npmUser: { name: 'dandv', email: 'ddascalescu+npmjs@gmail.com' },
398 silly install resolved     maintainers: [ [Object], [Object] ],
398 silly install resolved     directories: {},
398 silly install resolved     _shasum: 'd019eb7aed41aa2c284a71ec32a3f3a469448724',
398 silly install resolved     _resolved: 'https://registry.npmjs.org/grunt-shell-spawn/-/grunt-shell-spawn-0.3.1.tgz' },
398 silly install resolved   { name: 'jshint-html-reporter',
398 silly install resolved     version: '0.2.3',
398 silly install resolved     description: 'Simple generator of HTML report for JSHint results.',
398 silly install resolved     files: [ 'index.js', 'reporter.js', 'templates/' ],
398 silly install resolved     scripts: { test: 'echo "Error: no test specified" && exit 1' },
398 silly install resolved     repository:
398 silly install resolved      { type: 'git',
398 silly install resolved        url: 'https://github.com/adrianpietka/jshint-html-reporter.git' },
398 silly install resolved     keywords: [ 'jshint', 'reporter' ],
398 silly install resolved     author:
398 silly install resolved      { name: 'Adrian Pietka',
398 silly install resolved        email: 'adrian@pietka.me',
398 silly install resolved        url: 'http://adrian.pietka.me' },
398 silly install resolved     license: 'CC BY 4.0',
398 silly install resolved     bugs: { url: 'https://github.com/adrianpietka/jshint-html-reporter/issues' },
398 silly install resolved     homepage: 'https://github.com/adrianpietka/jshint-html-reporter',
398 silly install resolved     _id: 'jshint-html-reporter@0.2.3',
398 silly install resolved     _shasum: '46309e5e6eaab0d32968ff55efe7933ae6ec8743',
398 silly install resolved     _from: 'jshint-html-reporter@>=0.2.0 <0.3.0',
398 silly install resolved     _npmVersion: '1.4.9',
398 silly install resolved     _npmUser: { name: 'adrian.pietka', email: 'adrian@pietka.info' },
398 silly install resolved     maintainers: [ [Object] ],
398 silly install resolved     dist:
398 silly install resolved      { shasum: '46309e5e6eaab0d32968ff55efe7933ae6ec8743',
398 silly install resolved        tarball: 'http://registry.npmjs.org/jshint-html-reporter/-/jshint-html-reporter-0.2.3.tgz' },
398 silly install resolved     directories: {},
398 silly install resolved     _resolved: 'https://registry.npmjs.org/jshint-html-reporter/-/jshint-html-reporter-0.2.3.tgz' },
398 silly install resolved   { name: 'grunt-angular-templates',
398 silly install resolved     description: 'Grunt build task to concatenate & register your AngularJS templates in the $templateCache',
398 silly install resolved     version: '0.5.7',
398 silly install resolved     homepage: 'https://github.com/ericclemmons/grunt-angular-templates',
398 silly install resolved     author: { name: 'Eric Clemmons', email: 'eric@smarterspam.com' },
398 silly install resolved     repository:
398 silly install resolved      { type: 'git',
398 silly install resolved        url: 'git://github.com/ericclemmons/grunt-angular-templates.git' },
398 silly install resolved     bugs: { url: 'https://github.com/ericclemmons/grunt-angular-templates/issues' },
398 silly install resolved     licenses: [ [Object] ],
398 silly install resolved     main: 'Gruntfile.js',
398 silly install resolved     engines: { node: '>= 0.8.0' },
398 silly install resolved     scripts: { test: 'grunt' },
398 silly install resolved     dependencies: { 'html-minifier': '~0.6.3' },
398 silly install resolved     devDependencies:
398 silly install resolved      { grunt: '~0.4.0',
398 silly install resolved        'grunt-cli': '~0.1.6',
398 silly install resolved        'grunt-contrib-cssmin': '~0.7.0',
398 silly install resolved        'grunt-contrib-clean': '~0.5.0',
398 silly install resolved        'grunt-contrib-concat': '~0.3.0',
398 silly install resolved        'grunt-contrib-jshint': '~0.7.2',
398 silly install resolved        'grunt-contrib-nodeunit': '~0.2.2',
398 silly install resolved        'grunt-contrib-uglify': '~0.2.7',
398 silly install resolved        'grunt-usemin': '~2.0.2',
398 silly install resolved        'grunt-contrib-copy': '~0.4.1' },
398 silly install resolved     keywords: [ 'gruntplugin', 'angular', 'template', 'templates', 'concat' ],
398 silly install resolved     _id: 'grunt-angular-templates@0.5.7',
398 silly install resolved     dist:
398 silly install resolved      { shasum: '97683df6ea64ba6b247031d4965e7cc497814ab6',
398 silly install resolved        tarball: 'http://registry.npmjs.org/grunt-angular-templates/-/grunt-angular-templates-0.5.7.tgz' },
398 silly install resolved     _from: 'grunt-angular-templates@>=0.5.5 <0.6.0',
398 silly install resolved     _npmVersion: '1.4.6',
398 silly install resolved     _npmUser: { name: 'ericclemmons', email: 'eric@smarterspam.com' },
398 silly install resolved     maintainers: [ [Object] ],
398 silly install resolved     directories: {},
398 silly install resolved     _shasum: '97683df6ea64ba6b247031d4965e7cc497814ab6',
398 silly install resolved     _resolved: 'https://registry.npmjs.org/grunt-angular-templates/-/grunt-angular-templates-0.5.7.tgz' } ]
399 info install grunt-contrib-clean@0.5.0 into /home/rahul/Desktop/snt/stayntouchpms/app/assets
400 info install grunt-contrib-concat@0.4.0 into /home/rahul/Desktop/snt/stayntouchpms/app/assets
401 info install grunt-contrib-jshint@0.10.0 into /home/rahul/Desktop/snt/stayntouchpms/app/assets
402 info install grunt-contrib-watch@0.6.1 into /home/rahul/Desktop/snt/stayntouchpms/app/assets
403 info install grunt@0.4.5 into /home/rahul/Desktop/snt/stayntouchpms/app/assets
404 info install grunt-bower-task@0.3.4 into /home/rahul/Desktop/snt/stayntouchpms/app/assets
405 info install matchdep@0.3.0 into /home/rahul/Desktop/snt/stayntouchpms/app/assets
406 info install grunt-shell-spawn@0.3.1 into /home/rahul/Desktop/snt/stayntouchpms/app/assets
407 info install jshint-html-reporter@0.2.3 into /home/rahul/Desktop/snt/stayntouchpms/app/assets
408 info install grunt-angular-templates@0.5.7 into /home/rahul/Desktop/snt/stayntouchpms/app/assets
409 info installOne grunt-contrib-clean@0.5.0
410 verbose installOne of grunt-contrib-clean to /home/rahul/Desktop/snt/stayntouchpms/app/assets not in flight; installing
411 info installOne grunt-contrib-concat@0.4.0
412 verbose installOne of grunt-contrib-concat to /home/rahul/Desktop/snt/stayntouchpms/app/assets not in flight; installing
413 info installOne grunt-contrib-jshint@0.10.0
414 verbose installOne of grunt-contrib-jshint to /home/rahul/Desktop/snt/stayntouchpms/app/assets not in flight; installing
415 info installOne grunt-contrib-watch@0.6.1
416 verbose installOne of grunt-contrib-watch to /home/rahul/Desktop/snt/stayntouchpms/app/assets not in flight; installing
417 info installOne grunt@0.4.5
418 verbose installOne of grunt to /home/rahul/Desktop/snt/stayntouchpms/app/assets not in flight; installing
419 info installOne grunt-bower-task@0.3.4
420 verbose installOne of grunt-bower-task to /home/rahul/Desktop/snt/stayntouchpms/app/assets not in flight; installing
421 info installOne matchdep@0.3.0
422 verbose installOne of matchdep to /home/rahul/Desktop/snt/stayntouchpms/app/assets not in flight; installing
423 info installOne grunt-shell-spawn@0.3.1
424 verbose installOne of grunt-shell-spawn to /home/rahul/Desktop/snt/stayntouchpms/app/assets not in flight; installing
425 info installOne jshint-html-reporter@0.2.3
426 verbose installOne of jshint-html-reporter to /home/rahul/Desktop/snt/stayntouchpms/app/assets not in flight; installing
427 info installOne grunt-angular-templates@0.5.7
428 verbose installOne of grunt-angular-templates to /home/rahul/Desktop/snt/stayntouchpms/app/assets not in flight; installing
429 warn locking Error: EACCES, open '/home/rahul/.npm/_locks/grunt-contrib-clean-209afb903ceec017.lock'
429 warn locking  /home/rahul/.npm/_locks/grunt-contrib-clean-209afb903ceec017.lock failed { [Error: EACCES, open '/home/rahul/.npm/_locks/grunt-contrib-clean-209afb903ceec017.lock']
429 warn locking   errno: 3,
429 warn locking   code: 'EACCES',
429 warn locking   path: '/home/rahul/.npm/_locks/grunt-contrib-clean-209afb903ceec017.lock' }
430 verbose stack Error: Attempt to unlock /home/rahul/Desktop/snt/stayntouchpms/app/assets/node_modules/grunt-contrib-clean, which hasn't been locked
430 verbose stack     at unlock (/usr/lib/node_modules/npm/lib/utils/locker.js:66:11)
430 verbose stack     at cb (/usr/lib/node_modules/npm/lib/install.js:935:5)
430 verbose stack     at /usr/lib/node_modules/npm/lib/install.js:939:20
430 verbose stack     at /usr/lib/node_modules/npm/lib/utils/locker.js:40:9
430 verbose stack     at cb (/usr/lib/node_modules/npm/node_modules/lockfile/lockfile.js:149:38)
430 verbose stack     at /usr/lib/node_modules/npm/node_modules/lockfile/lockfile.js:177:38
430 verbose stack     at Object.oncomplete (fs.js:108:15)
431 verbose cwd /home/rahul/Desktop/snt/stayntouchpms/app/assets
432 error Linux 3.13.0-45-generic
433 error argv "node" "/usr/bin/npm" "install"
434 error node v0.10.36
435 error npm  v2.6.0
436 error Attempt to unlock /home/rahul/Desktop/snt/stayntouchpms/app/assets/node_modules/grunt-contrib-clean, which hasn't been locked
437 error If you need help, you may report this error at:
437 error     <http://github.com/npm/npm/issues>
438 verbose exit [ 1, true ]
